{"numTotalTestSuites":8,"numPassedTestSuites":8,"numFailedTestSuites":0,"numPendingTestSuites":0,"numTotalTests":12,"numPassedTests":12,"numFailedTests":0,"numPendingTests":0,"numTodoTests":0,"snapshot":{"added":0,"failure":false,"filesAdded":0,"filesRemoved":0,"filesRemovedList":[],"filesUnmatched":0,"filesUpdated":0,"matched":0,"total":0,"unchecked":0,"uncheckedKeysByFile":[],"unmatched":0,"updated":0,"didUpdate":false},"startTime":1751077421269,"success":true,"testResults":[{"assertionResults":[{"ancestorTitles":["Study Type Validation","studyConfigSchema"],"fullName":"Study Type Validation studyConfigSchema should validate a complete study configuration","status":"passed","title":"should validate a complete study configuration","duration":2.234663999999981,"failureMessages":[],"location":{"line":18,"column":5},"meta":{}},{"ancestorTitles":["Study Type Validation","studyConfigSchema"],"fullName":"Study Type Validation studyConfigSchema should reject configuration with invalid runs per combination","status":"passed","title":"should reject configuration with invalid runs per combination","duration":0.9173050000000273,"failureMessages":[],"location":{"line":55,"column":5},"meta":{}},{"ancestorTitles":["Study Type Validation","studyConfigSchema"],"fullName":"Study Type Validation studyConfigSchema should use default values for optional fields","status":"passed","title":"should use default values for optional fields","duration":0.4125500000000102,"failureMessages":[],"location":{"line":89,"column":5},"meta":{}},{"ancestorTitles":["Study Type Validation","aiModelSchema"],"fullName":"Study Type Validation aiModelSchema should validate standard AI model configurations","status":"passed","title":"should validate standard AI model configurations","duration":0.23211299999999824,"failureMessages":[],"location":{"line":124,"column":5},"meta":{}},{"ancestorTitles":["Study Type Validation","aiModelSchema"],"fullName":"Study Type Validation aiModelSchema should reject model with invalid provider","status":"passed","title":"should reject model with invalid provider","duration":0.22412699999998154,"failureMessages":[],"location":{"line":152,"column":5},"meta":{}},{"ancestorTitles":["Study Type Validation","instructionSetSchema"],"fullName":"Study Type Validation instructionSetSchema should validate instruction set with file path","status":"passed","title":"should validate instruction set with file path","duration":0.19747599999999466,"failureMessages":[],"location":{"line":172,"column":5},"meta":{}},{"ancestorTitles":["Study Type Validation","instructionSetSchema"],"fullName":"Study Type Validation instructionSetSchema should validate instruction set with inline content","status":"passed","title":"should validate instruction set with inline content","duration":0.15668499999998176,"failureMessages":[],"location":{"line":190,"column":5},"meta":{}},{"ancestorTitles":["Study Type Validation","qualityScoresSchema"],"fullName":"Study Type Validation qualityScoresSchema should validate quality scores within valid range","status":"passed","title":"should validate quality scores within valid range","duration":0.34704999999999586,"failureMessages":[],"location":{"line":211,"column":5},"meta":{}},{"ancestorTitles":["Study Type Validation","qualityScoresSchema"],"fullName":"Study Type Validation qualityScoresSchema should reject scores outside valid range","status":"passed","title":"should reject scores outside valid range","duration":0.38680700000000456,"failureMessages":[],"location":{"line":234,"column":5},"meta":{}},{"ancestorTitles":["Study Type Validation","generationResultSchema"],"fullName":"Study Type Validation generationResultSchema should validate complete generation result","status":"passed","title":"should validate complete generation result","duration":0.5730759999999862,"failureMessages":[],"location":{"line":259,"column":5},"meta":{}},{"ancestorTitles":["Study Type Validation","studyStatisticsSchema"],"fullName":"Study Type Validation studyStatisticsSchema should validate comprehensive study statistics","status":"passed","title":"should validate comprehensive study statistics","duration":0.4929919999999868,"failureMessages":[],"location":{"line":306,"column":5},"meta":{}},{"ancestorTitles":["Study Type Validation","studyStatisticsSchema"],"fullName":"Study Type Validation studyStatisticsSchema should reject invalid statistics","status":"passed","title":"should reject invalid statistics","duration":0.2579870000000142,"failureMessages":[],"location":{"line":358,"column":5},"meta":{}}],"startTime":1751077421425,"endTime":1751077421431.493,"status":"passed","message":"","name":"/home/zzhang/dev/qi/github/mcp-server/qicore-v4/typescript/study/tests/unit/types/study.test.ts"}]}