{"numTotalTestSuites":8,"numPassedTestSuites":8,"numFailedTestSuites":0,"numPendingTestSuites":0,"numTotalTests":12,"numPassedTests":12,"numFailedTests":0,"numPendingTests":0,"numTodoTests":0,"snapshot":{"added":0,"failure":false,"filesAdded":0,"filesRemoved":0,"filesRemovedList":[],"filesUnmatched":0,"filesUpdated":0,"matched":0,"total":0,"unchecked":0,"uncheckedKeysByFile":[],"unmatched":0,"updated":0,"didUpdate":false},"startTime":1751078032507,"success":true,"testResults":[{"assertionResults":[{"ancestorTitles":["Study Type Validation","studyConfigSchema"],"fullName":"Study Type Validation studyConfigSchema should validate a complete study configuration","status":"passed","title":"should validate a complete study configuration","duration":2.8587339999999983,"failureMessages":[],"location":{"line":18,"column":5},"meta":{}},{"ancestorTitles":["Study Type Validation","studyConfigSchema"],"fullName":"Study Type Validation studyConfigSchema should reject configuration with invalid runs per combination","status":"passed","title":"should reject configuration with invalid runs per combination","duration":1.0983679999999936,"failureMessages":[],"location":{"line":55,"column":5},"meta":{}},{"ancestorTitles":["Study Type Validation","studyConfigSchema"],"fullName":"Study Type Validation studyConfigSchema should use default values for optional fields","status":"passed","title":"should use default values for optional fields","duration":0.4186329999999998,"failureMessages":[],"location":{"line":89,"column":5},"meta":{}},{"ancestorTitles":["Study Type Validation","aiModelSchema"],"fullName":"Study Type Validation aiModelSchema should validate standard AI model configurations","status":"passed","title":"should validate standard AI model configurations","duration":0.24349699999999075,"failureMessages":[],"location":{"line":124,"column":5},"meta":{}},{"ancestorTitles":["Study Type Validation","aiModelSchema"],"fullName":"Study Type Validation aiModelSchema should reject model with invalid provider","status":"passed","title":"should reject model with invalid provider","duration":0.31518700000000877,"failureMessages":[],"location":{"line":152,"column":5},"meta":{}},{"ancestorTitles":["Study Type Validation","instructionSetSchema"],"fullName":"Study Type Validation instructionSetSchema should validate instruction set with file path","status":"passed","title":"should validate instruction set with file path","duration":0.1832809999999938,"failureMessages":[],"location":{"line":172,"column":5},"meta":{}},{"ancestorTitles":["Study Type Validation","instructionSetSchema"],"fullName":"Study Type Validation instructionSetSchema should validate instruction set with inline content","status":"passed","title":"should validate instruction set with inline content","duration":0.13541299999999978,"failureMessages":[],"location":{"line":190,"column":5},"meta":{}},{"ancestorTitles":["Study Type Validation","qualityScoresSchema"],"fullName":"Study Type Validation qualityScoresSchema should validate quality scores within valid range","status":"passed","title":"should validate quality scores within valid range","duration":0.32419799999999555,"failureMessages":[],"location":{"line":211,"column":5},"meta":{}},{"ancestorTitles":["Study Type Validation","qualityScoresSchema"],"fullName":"Study Type Validation qualityScoresSchema should reject scores outside valid range","status":"passed","title":"should reject scores outside valid range","duration":0.5868220000000122,"failureMessages":[],"location":{"line":234,"column":5},"meta":{}},{"ancestorTitles":["Study Type Validation","generationResultSchema"],"fullName":"Study Type Validation generationResultSchema should validate complete generation result","status":"passed","title":"should validate complete generation result","duration":0.6604450000000099,"failureMessages":[],"location":{"line":259,"column":5},"meta":{}},{"ancestorTitles":["Study Type Validation","studyStatisticsSchema"],"fullName":"Study Type Validation studyStatisticsSchema should validate comprehensive study statistics","status":"passed","title":"should validate comprehensive study statistics","duration":0.5721570000000042,"failureMessages":[],"location":{"line":306,"column":5},"meta":{}},{"ancestorTitles":["Study Type Validation","studyStatisticsSchema"],"fullName":"Study Type Validation studyStatisticsSchema should reject invalid statistics","status":"passed","title":"should reject invalid statistics","duration":0.28517700000000445,"failureMessages":[],"location":{"line":358,"column":5},"meta":{}}],"startTime":1751078032678,"endTime":1751078032685.5723,"status":"passed","message":"","name":"/home/zzhang/dev/qi/github/mcp-server/qicore-v4/typescript/study/tests/unit/types/study.test.ts"}]}